<?xml version="1.0" encoding="UTF-8"?>
<!-- Generated by org.testng.reporters.JUnitXMLReporter -->
<testsuite ignored="0" hostname="DESKTOP-PTO1QB8" failures="0" tests="4" name="Test" time="149.898" errors="0" timestamp="2024-08-31T11:27:01 IST">
  <testcase classname="PopUps.AlertPopUpsTest" name="alertPopUpsTest" time="38.013"/>
  <testcase classname="DemoSeleniumExamples.HandlingAutoSuggestionTest" name="handlingAutoSuggestionTest" time="52.983"/>
  <testcase classname="DemoSeleniumExamples.LocatorsTest" name="locatorsTest" time="28.975"/>
  <testcase classname="PopUps.AuthenticationPopupTest" name="authenticationPopupTest" time="29.813"/>
</testsuite> <!-- Test -->
