<?xml version="1.0" encoding="UTF-8"?>
<testng-results ignored="0" total="1" passed="1" failed="0" skipped="0">
  <reporter-output>
  </reporter-output>
  <suite started-at="2024-09-03T11:16:15 IST" name="Default suite" finished-at="2024-09-03T11:17:42 IST" duration-ms="86698">
    <groups>
    </groups>
    <test started-at="2024-09-03T11:16:15 IST" name="Default test" finished-at="2024-09-03T11:17:42 IST" duration-ms="86698">
      <class name="testNG.TakingScreenShotEx">
        <test-method signature="screenshootEx()[pri:0, instance:testNG.TakingScreenShotEx@4659191b]" started-at="2024-09-03T11:16:16 IST" name="screenshootEx" finished-at="2024-09-03T11:17:42 IST" duration-ms="86620" status="PASS">
          <reporter-output>
          </reporter-output>
        </test-method> <!-- screenshootEx -->
      </class> <!-- testNG.TakingScreenShotEx -->
    </test> <!-- Default test -->
  </suite> <!-- Default suite -->
</testng-results>
